build/app/intermediates/manifest_merge_blame_file/debug/processDebugMainManifest/manifest-merger-blame-debug-report.txt
1<?xml version="1.0" encoding="utf-8"?>
2<manifest xmlns:android="http://schemas.android.com/apk/res/android"
3    package="com.example.fitness_training_app"
4    android:versionCode="1"
5    android:versionName="1.0.0" >
6
7    <uses-sdk
8        android:minSdkVersion="23"
9        android:targetSdkVersion="34" />
10    <!--
11         The INTERNET permission is required for development. Specifically,
12         the Flutter tool needs it to communicate with the running application
13         to allow setting breakpoints, to provide hot reload, etc.
14    -->
15    <uses-permission android:name="android.permission.INTERNET" />
15-->src\main\AndroidManifest.xml:3:5-66
15-->src\main\AndroidManifest.xml:3:22-64
16    <!-- Add this -->
17    <uses-permission android:name="android.permission.CAMERA" />
17-->src\main\AndroidManifest.xml:5:5-64
17-->src\main\AndroidManifest.xml:5:22-62
18    <uses-permission android:name="android.permission.READ_EXTERNAL_STORAGE" />
18-->src\main\AndroidManifest.xml:6:5-79
18-->src\main\AndroidManifest.xml:6:22-77
19    <uses-permission android:name="android.permission.WRITE_EXTERNAL_STORAGE" />
19-->src\main\AndroidManifest.xml:7:5-80
19-->src\main\AndroidManifest.xml:7:22-78
20    <uses-permission android:name="android.permission.USE_BIOMETRIC" />
20-->src\main\AndroidManifest.xml:8:5-71
20-->src\main\AndroidManifest.xml:8:22-69
21    <!--
22 Required to query activities that can process text, see:
23         https://developer.android.com/training/package-visibility and
24         https://developer.android.com/reference/android/content/Intent#ACTION_PROCESS_TEXT.
25
26         In particular, this is used by the Flutter engine in io.flutter.plugin.text.ProcessTextPlugin.
27    -->
28    <queries>
28-->src\main\AndroidManifest.xml:65:5-70:15
29        <intent>
29-->src\main\AndroidManifest.xml:66:9-69:18
30            <action android:name="android.intent.action.PROCESS_TEXT" />
30-->src\main\AndroidManifest.xml:67:13-72
30-->src\main\AndroidManifest.xml:67:21-70
31
32            <data android:mimeType="text/plain" />
32-->src\main\AndroidManifest.xml:68:13-50
32-->src\main\AndroidManifest.xml:68:19-48
33        </intent>
34        <!-- Added to check the default browser that will host the AuthFlow. -->
35        <intent>
35-->[com.stripe:financial-connections:20.52.2] AndroidManifest.xml:13:9-17:18
36            <action android:name="android.intent.action.VIEW" />
36-->[com.google.firebase:firebase-auth:23.1.0] AndroidManifest.xml:36:17-69
36-->[com.google.firebase:firebase-auth:23.1.0] AndroidManifest.xml:36:25-66
37
38            <data android:scheme="http" />
38-->src\main\AndroidManifest.xml:68:13-50
39        </intent> <!-- Added to check if Chrome is installed for browser-based payment authentication (e.g. 3DS1). -->
40        <package android:name="com.android.chrome" /> <!-- Needs to be explicitly declared on Android R+ -->
40-->[com.stripe:payments-core:20.52.2] AndroidManifest.xml:11:9-54
40-->[com.stripe:payments-core:20.52.2] AndroidManifest.xml:11:18-51
41        <package android:name="com.google.android.apps.maps" />
41-->[com.google.android.gms:play-services-maps:18.0.2] AndroidManifest.xml:33:9-64
41-->[com.google.android.gms:play-services-maps:18.0.2] AndroidManifest.xml:33:18-61
42    </queries> <!-- suppress DeprecatedClassUsageInspection -->
43    <uses-permission android:name="android.permission.USE_FINGERPRINT" />
43-->[androidx.biometric:biometric:1.1.0] AndroidManifest.xml:27:5-74
43-->[androidx.biometric:biometric:1.1.0] AndroidManifest.xml:27:22-71
44    <uses-permission android:name="android.permission.ACCESS_NETWORK_STATE" />
44-->[com.google.firebase:firebase-auth:23.1.0] AndroidManifest.xml:26:5-79
44-->[com.google.firebase:firebase-auth:23.1.0] AndroidManifest.xml:26:22-76
45    <uses-permission android:name="com.google.android.providers.gsf.permission.READ_GSERVICES" />
45-->[com.google.android.recaptcha:recaptcha:18.5.1] AndroidManifest.xml:9:5-98
45-->[com.google.android.recaptcha:recaptcha:18.5.1] AndroidManifest.xml:9:22-95
46
47    <uses-feature
47-->[com.google.android.gms:play-services-maps:18.0.2] AndroidManifest.xml:26:5-28:35
48        android:glEsVersion="0x00020000"
48-->[com.google.android.gms:play-services-maps:18.0.2] AndroidManifest.xml:27:9-41
49        android:required="true" />
49-->[com.google.android.gms:play-services-maps:18.0.2] AndroidManifest.xml:28:9-32
50
51    <permission
51-->[androidx.core:core:1.13.1] AndroidManifest.xml:22:5-24:47
52        android:name="com.example.fitness_training_app.DYNAMIC_RECEIVER_NOT_EXPORTED_PERMISSION"
52-->[androidx.core:core:1.13.1] AndroidManifest.xml:23:9-81
53        android:protectionLevel="signature" />
53-->[androidx.core:core:1.13.1] AndroidManifest.xml:24:9-44
54
55    <uses-permission android:name="com.example.fitness_training_app.DYNAMIC_RECEIVER_NOT_EXPORTED_PERMISSION" />
55-->[androidx.core:core:1.13.1] AndroidManifest.xml:26:5-97
55-->[androidx.core:core:1.13.1] AndroidManifest.xml:26:22-94
56
57    <application
58        android:name="android.app.Application"
59        android:appComponentFactory="androidx.core.app.CoreComponentFactory"
59-->[androidx.core:core:1.13.1] AndroidManifest.xml:28:18-86
60        android:debuggable="true"
61        android:enableOnBackInvokedCallback="true"
62        android:extractNativeLibs="false"
63        android:icon="@mipmap/ic_launcher"
64        android:label="fitness_training_app"
65        android:requestLegacyExternalStorage="true"
66        android:usesCleartextTraffic="true" >
67        <activity
68            android:name="com.example.fitness_training_app.MainActivity"
69            android:configChanges="orientation|keyboardHidden|keyboard|screenSize|smallestScreenSize|locale|layoutDirection|fontScale|screenLayout|density|uiMode"
70            android:exported="true"
71            android:hardwareAccelerated="true"
72            android:launchMode="singleTop"
73            android:taskAffinity=""
74            android:theme="@style/LaunchTheme"
75            android:windowSoftInputMode="adjustResize" >
76
77            <!--
78                 Specifies an Android theme to apply to this Activity as soon as
79                 the Android process has started. This theme is visible to the user
80                 while the Flutter UI initializes. After that, this theme continues
81                 to determine the Window background behind the Flutter UI.
82            -->
83            <meta-data
84                android:name="io.flutter.embedding.android.NormalTheme"
85                android:resource="@style/NormalTheme" />
86            <meta-data
87                android:name="com.google.android.gms.wallet.api.enabled"
88                android:value="true" />
89
90            <intent-filter>
91                <action android:name="android.intent.action.MAIN" />
92
93                <category android:name="android.intent.category.LAUNCHER" />
94            </intent-filter>
95            <intent-filter>
96                <action android:name="android.intent.action.VIEW" />
96-->[com.google.firebase:firebase-auth:23.1.0] AndroidManifest.xml:36:17-69
96-->[com.google.firebase:firebase-auth:23.1.0] AndroidManifest.xml:36:25-66
97
98                <category android:name="android.intent.category.DEFAULT" />
98-->[com.google.firebase:firebase-auth:23.1.0] AndroidManifest.xml:38:17-76
98-->[com.google.firebase:firebase-auth:23.1.0] AndroidManifest.xml:38:27-73
99                <category android:name="android.intent.category.BROWSABLE" />
99-->[com.google.firebase:firebase-auth:23.1.0] AndroidManifest.xml:39:17-78
99-->[com.google.firebase:firebase-auth:23.1.0] AndroidManifest.xml:39:27-75
100
101                <data android:scheme="zoommtg" />
101-->src\main\AndroidManifest.xml:68:13-50
102            </intent-filter>
103        </activity>
104        <!--
105             Don't delete the meta-data below.
106             This is used by the Flutter tool to generate GeneratedPluginRegistrant.java
107        -->
108        <meta-data
109            android:name="flutterEmbedding"
110            android:value="2" />
111
112        <service
112-->[:firebase_auth] AndroidManifest.xml:8:9-12:19
113            android:name="com.google.firebase.components.ComponentDiscoveryService"
113-->[:firebase_auth] AndroidManifest.xml:8:18-89
114            android:directBootAware="true"
114-->[com.google.firebase:firebase-common:21.0.0] AndroidManifest.xml:32:13-43
115            android:exported="false" >
115-->[com.google.firebase:firebase-auth:23.1.0] AndroidManifest.xml:68:13-37
116            <meta-data
116-->[:firebase_auth] AndroidManifest.xml:9:13-11:85
117                android:name="com.google.firebase.components:io.flutter.plugins.firebase.auth.FlutterFirebaseAuthRegistrar"
117-->[:firebase_auth] AndroidManifest.xml:10:17-124
118                android:value="com.google.firebase.components.ComponentRegistrar" />
118-->[:firebase_auth] AndroidManifest.xml:11:17-82
119            <meta-data
119-->[:firebase_core] AndroidManifest.xml:9:13-11:85
120                android:name="com.google.firebase.components:io.flutter.plugins.firebase.core.FlutterFirebaseCoreRegistrar"
120-->[:firebase_core] AndroidManifest.xml:10:17-124
121                android:value="com.google.firebase.components.ComponentRegistrar" />
121-->[:firebase_core] AndroidManifest.xml:11:17-82
122            <meta-data
122-->[com.google.firebase:firebase-auth:23.1.0] AndroidManifest.xml:69:13-71:85
123                android:name="com.google.firebase.components:com.google.firebase.auth.FirebaseAuthRegistrar"
123-->[com.google.firebase:firebase-auth:23.1.0] AndroidManifest.xml:70:17-109
124                android:value="com.google.firebase.components.ComponentRegistrar" />
124-->[com.google.firebase:firebase-auth:23.1.0] AndroidManifest.xml:71:17-82
125            <meta-data
125-->[com.google.firebase:firebase-common-ktx:21.0.0] AndroidManifest.xml:12:13-14:85
126                android:name="com.google.firebase.components:com.google.firebase.ktx.FirebaseCommonLegacyRegistrar"
126-->[com.google.firebase:firebase-common-ktx:21.0.0] AndroidManifest.xml:13:17-116
127                android:value="com.google.firebase.components.ComponentRegistrar" />
127-->[com.google.firebase:firebase-common-ktx:21.0.0] AndroidManifest.xml:14:17-82
128            <meta-data
128-->[com.google.firebase:firebase-common:21.0.0] AndroidManifest.xml:35:13-37:85
129                android:name="com.google.firebase.components:com.google.firebase.FirebaseCommonKtxRegistrar"
129-->[com.google.firebase:firebase-common:21.0.0] AndroidManifest.xml:36:17-109
130                android:value="com.google.firebase.components.ComponentRegistrar" />
130-->[com.google.firebase:firebase-common:21.0.0] AndroidManifest.xml:37:17-82
131        </service>
132
133        <provider
133-->[:image_picker_android] AndroidManifest.xml:9:9-17:20
134            android:name="io.flutter.plugins.imagepicker.ImagePickerFileProvider"
134-->[:image_picker_android] AndroidManifest.xml:10:13-82
135            android:authorities="com.example.fitness_training_app.flutter.image_provider"
135-->[:image_picker_android] AndroidManifest.xml:11:13-74
136            android:exported="false"
136-->[:image_picker_android] AndroidManifest.xml:12:13-37
137            android:grantUriPermissions="true" >
137-->[:image_picker_android] AndroidManifest.xml:13:13-47
138            <meta-data
138-->[:image_picker_android] AndroidManifest.xml:14:13-16:75
139                android:name="android.support.FILE_PROVIDER_PATHS"
139-->[:image_picker_android] AndroidManifest.xml:15:17-67
140                android:resource="@xml/flutter_image_picker_file_paths" />
140-->[:image_picker_android] AndroidManifest.xml:16:17-72
141        </provider> <!-- Trigger Google Play services to install the backported photo picker module. -->
142        <service
142-->[:image_picker_android] AndroidManifest.xml:19:9-31:19
143            android:name="com.google.android.gms.metadata.ModuleDependencies"
143-->[:image_picker_android] AndroidManifest.xml:20:13-78
144            android:enabled="false"
144-->[:image_picker_android] AndroidManifest.xml:21:13-36
145            android:exported="false" >
145-->[:image_picker_android] AndroidManifest.xml:22:13-37
146            <intent-filter>
146-->[:image_picker_android] AndroidManifest.xml:24:13-26:29
147                <action android:name="com.google.android.gms.metadata.MODULE_DEPENDENCIES" />
147-->[:image_picker_android] AndroidManifest.xml:25:17-94
147-->[:image_picker_android] AndroidManifest.xml:25:25-91
148            </intent-filter>
149
150            <meta-data
150-->[:image_picker_android] AndroidManifest.xml:28:13-30:36
151                android:name="photopicker_activity:0:required"
151-->[:image_picker_android] AndroidManifest.xml:29:17-63
152                android:value="" />
152-->[:image_picker_android] AndroidManifest.xml:30:17-33
153        </service>
154
155        <activity
155-->[:url_launcher_android] AndroidManifest.xml:8:9-11:74
156            android:name="io.flutter.plugins.urllauncher.WebViewActivity"
156-->[:url_launcher_android] AndroidManifest.xml:9:13-74
157            android:exported="false"
157-->[:url_launcher_android] AndroidManifest.xml:10:13-37
158            android:theme="@android:style/Theme.NoTitleBar.Fullscreen" />
158-->[:url_launcher_android] AndroidManifest.xml:11:13-71
159        <activity
159-->[com.google.firebase:firebase-auth:23.1.0] AndroidManifest.xml:29:9-46:20
160            android:name="com.google.firebase.auth.internal.GenericIdpActivity"
160-->[com.google.firebase:firebase-auth:23.1.0] AndroidManifest.xml:30:13-80
161            android:excludeFromRecents="true"
161-->[com.google.firebase:firebase-auth:23.1.0] AndroidManifest.xml:31:13-46
162            android:exported="true"
162-->[com.google.firebase:firebase-auth:23.1.0] AndroidManifest.xml:32:13-36
163            android:launchMode="singleTask"
163-->[com.google.firebase:firebase-auth:23.1.0] AndroidManifest.xml:33:13-44
164            android:theme="@android:style/Theme.Translucent.NoTitleBar" >
164-->[com.google.firebase:firebase-auth:23.1.0] AndroidManifest.xml:34:13-72
165            <intent-filter>
165-->[com.google.firebase:firebase-auth:23.1.0] AndroidManifest.xml:35:13-45:29
166                <action android:name="android.intent.action.VIEW" />
166-->[com.google.firebase:firebase-auth:23.1.0] AndroidManifest.xml:36:17-69
166-->[com.google.firebase:firebase-auth:23.1.0] AndroidManifest.xml:36:25-66
167
168                <category android:name="android.intent.category.DEFAULT" />
168-->[com.google.firebase:firebase-auth:23.1.0] AndroidManifest.xml:38:17-76
168-->[com.google.firebase:firebase-auth:23.1.0] AndroidManifest.xml:38:27-73
169                <category android:name="android.intent.category.BROWSABLE" />
169-->[com.google.firebase:firebase-auth:23.1.0] AndroidManifest.xml:39:17-78
169-->[com.google.firebase:firebase-auth:23.1.0] AndroidManifest.xml:39:27-75
170
171                <data
171-->src\main\AndroidManifest.xml:68:13-50
172                    android:host="firebase.auth"
173                    android:path="/"
174                    android:scheme="genericidp" />
175            </intent-filter>
176        </activity>
177        <activity
177-->[com.google.firebase:firebase-auth:23.1.0] AndroidManifest.xml:47:9-64:20
178            android:name="com.google.firebase.auth.internal.RecaptchaActivity"
178-->[com.google.firebase:firebase-auth:23.1.0] AndroidManifest.xml:48:13-79
179            android:excludeFromRecents="true"
179-->[com.google.firebase:firebase-auth:23.1.0] AndroidManifest.xml:49:13-46
180            android:exported="true"
180-->[com.google.firebase:firebase-auth:23.1.0] AndroidManifest.xml:50:13-36
181            android:launchMode="singleTask"
181-->[com.google.firebase:firebase-auth:23.1.0] AndroidManifest.xml:51:13-44
182            android:theme="@android:style/Theme.Translucent.NoTitleBar" >
182-->[com.google.firebase:firebase-auth:23.1.0] AndroidManifest.xml:52:13-72
183            <intent-filter>
183-->[com.google.firebase:firebase-auth:23.1.0] AndroidManifest.xml:53:13-63:29
184                <action android:name="android.intent.action.VIEW" />
184-->[com.google.firebase:firebase-auth:23.1.0] AndroidManifest.xml:36:17-69
184-->[com.google.firebase:firebase-auth:23.1.0] AndroidManifest.xml:36:25-66
185
186                <category android:name="android.intent.category.DEFAULT" />
186-->[com.google.firebase:firebase-auth:23.1.0] AndroidManifest.xml:38:17-76
186-->[com.google.firebase:firebase-auth:23.1.0] AndroidManifest.xml:38:27-73
187                <category android:name="android.intent.category.BROWSABLE" />
187-->[com.google.firebase:firebase-auth:23.1.0] AndroidManifest.xml:39:17-78
187-->[com.google.firebase:firebase-auth:23.1.0] AndroidManifest.xml:39:27-75
188
189                <data
189-->src\main\AndroidManifest.xml:68:13-50
190                    android:host="firebase.auth"
191                    android:path="/"
192                    android:scheme="recaptcha" />
193            </intent-filter>
194        </activity>
195
196        <service
196-->[androidx.credentials:credentials-play-services-auth:1.2.0-rc01] AndroidManifest.xml:24:9-32:19
197            android:name="androidx.credentials.playservices.CredentialProviderMetadataHolder"
197-->[androidx.credentials:credentials-play-services-auth:1.2.0-rc01] AndroidManifest.xml:25:13-94
198            android:enabled="true"
198-->[androidx.credentials:credentials-play-services-auth:1.2.0-rc01] AndroidManifest.xml:26:13-35
199            android:exported="false" >
199-->[androidx.credentials:credentials-play-services-auth:1.2.0-rc01] AndroidManifest.xml:27:13-37
200            <meta-data
200-->[androidx.credentials:credentials-play-services-auth:1.2.0-rc01] AndroidManifest.xml:29:13-31:104
201                android:name="androidx.credentials.CREDENTIAL_PROVIDER_KEY"
201-->[androidx.credentials:credentials-play-services-auth:1.2.0-rc01] AndroidManifest.xml:30:17-76
202                android:value="androidx.credentials.playservices.CredentialProviderPlayServicesImpl" />
202-->[androidx.credentials:credentials-play-services-auth:1.2.0-rc01] AndroidManifest.xml:31:17-101
203        </service>
204
205        <activity
205-->[androidx.credentials:credentials-play-services-auth:1.2.0-rc01] AndroidManifest.xml:34:9-41:20
206            android:name="androidx.credentials.playservices.HiddenActivity"
206-->[androidx.credentials:credentials-play-services-auth:1.2.0-rc01] AndroidManifest.xml:35:13-76
207            android:configChanges="orientation|screenSize|screenLayout|keyboardHidden"
207-->[androidx.credentials:credentials-play-services-auth:1.2.0-rc01] AndroidManifest.xml:36:13-87
208            android:enabled="true"
208-->[androidx.credentials:credentials-play-services-auth:1.2.0-rc01] AndroidManifest.xml:37:13-35
209            android:exported="false"
209-->[androidx.credentials:credentials-play-services-auth:1.2.0-rc01] AndroidManifest.xml:38:13-37
210            android:fitsSystemWindows="true"
210-->[androidx.credentials:credentials-play-services-auth:1.2.0-rc01] AndroidManifest.xml:39:13-45
211            android:theme="@style/Theme.Hidden" >
211-->[androidx.credentials:credentials-play-services-auth:1.2.0-rc01] AndroidManifest.xml:40:13-48
212        </activity>
213        <activity
213-->[com.google.android.gms:play-services-auth:21.0.0] AndroidManifest.xml:23:9-27:75
214            android:name="com.google.android.gms.auth.api.signin.internal.SignInHubActivity"
214-->[com.google.android.gms:play-services-auth:21.0.0] AndroidManifest.xml:24:13-93
215            android:excludeFromRecents="true"
215-->[com.google.android.gms:play-services-auth:21.0.0] AndroidManifest.xml:25:13-46
216            android:exported="false"
216-->[com.google.android.gms:play-services-auth:21.0.0] AndroidManifest.xml:26:13-37
217            android:theme="@android:style/Theme.Translucent.NoTitleBar" />
217-->[com.google.android.gms:play-services-auth:21.0.0] AndroidManifest.xml:27:13-72
218        <!--
219            Service handling Google Sign-In user revocation. For apps that do not integrate with
220            Google Sign-In, this service will never be started.
221        -->
222        <service
222-->[com.google.android.gms:play-services-auth:21.0.0] AndroidManifest.xml:33:9-37:51
223            android:name="com.google.android.gms.auth.api.signin.RevocationBoundService"
223-->[com.google.android.gms:play-services-auth:21.0.0] AndroidManifest.xml:34:13-89
224            android:exported="true"
224-->[com.google.android.gms:play-services-auth:21.0.0] AndroidManifest.xml:35:13-36
225            android:permission="com.google.android.gms.auth.api.signin.permission.REVOCATION_NOTIFICATION"
225-->[com.google.android.gms:play-services-auth:21.0.0] AndroidManifest.xml:36:13-107
226            android:visibleToInstantApps="true" />
226-->[com.google.android.gms:play-services-auth:21.0.0] AndroidManifest.xml:37:13-48
227
228        <activity
228-->[com.stripe:financial-connections:20.52.2] AndroidManifest.xml:21:9-65:20
229            android:name="com.stripe.android.financialconnections.FinancialConnectionsSheetRedirectActivity"
229-->[com.stripe:financial-connections:20.52.2] AndroidManifest.xml:22:13-109
230            android:exported="true"
230-->[com.stripe:financial-connections:20.52.2] AndroidManifest.xml:23:13-36
231            android:launchMode="singleTask" >
231-->[com.stripe:financial-connections:20.52.2] AndroidManifest.xml:24:13-44
232            <intent-filter>
232-->[com.stripe:financial-connections:20.52.2] AndroidManifest.xml:25:13-64:29
233                <action android:name="android.intent.action.VIEW" />
233-->[com.google.firebase:firebase-auth:23.1.0] AndroidManifest.xml:36:17-69
233-->[com.google.firebase:firebase-auth:23.1.0] AndroidManifest.xml:36:25-66
234
235                <category android:name="android.intent.category.DEFAULT" />
235-->[com.google.firebase:firebase-auth:23.1.0] AndroidManifest.xml:38:17-76
235-->[com.google.firebase:firebase-auth:23.1.0] AndroidManifest.xml:38:27-73
236                <category android:name="android.intent.category.BROWSABLE" />
236-->[com.google.firebase:firebase-auth:23.1.0] AndroidManifest.xml:39:17-78
236-->[com.google.firebase:firebase-auth:23.1.0] AndroidManifest.xml:39:27-75
237
238                <!-- Returning from app2app: return_url is triggered to reopen web AuthFlow and poll accounts. -->
239                <data
239-->src\main\AndroidManifest.xml:68:13-50
240                    android:host="link-accounts"
241                    android:pathPrefix="/com.example.fitness_training_app/authentication_return"
242                    android:scheme="stripe-auth" />
243
244                <!-- Returning from app2app: return_url is triggered to reopen native AuthFlow and poll accounts. -->
245                <data
245-->src\main\AndroidManifest.xml:68:13-50
246                    android:host="link-native-accounts"
247                    android:pathPrefix="/com.example.fitness_training_app/authentication_return"
248                    android:scheme="stripe-auth" />
249
250                <!-- End of web AuthFlow success and cancel URIs that begin with "stripe-auth://link-accounts/{app-id}/...” -->
251                <data
251-->src\main\AndroidManifest.xml:68:13-50
252                    android:host="link-accounts"
253                    android:path="/com.example.fitness_training_app/success"
254                    android:scheme="stripe-auth" />
255                <data
255-->src\main\AndroidManifest.xml:68:13-50
256                    android:host="link-accounts"
257                    android:path="/com.example.fitness_training_app/cancel"
258                    android:scheme="stripe-auth" />
259
260                <!-- Opening app2app: Web flow triggers stripe-auth://native-redirect/{app-id}/http://web-that-redirects-to-native -->
261                <data
261-->src\main\AndroidManifest.xml:68:13-50
262                    android:host="native-redirect"
263                    android:pathPrefix="/com.example.fitness_training_app"
264                    android:scheme="stripe-auth" />
265
266                <!-- Accepts success/cancel/fail URIs that begin with "stripe://auth-redirect” -->
267                <data
267-->src\main\AndroidManifest.xml:68:13-50
268                    android:host="auth-redirect"
269                    android:pathPrefix="/com.example.fitness_training_app"
270                    android:scheme="stripe" />
271            </intent-filter>
272        </activity>
273        <activity
273-->[com.stripe:financial-connections:20.52.2] AndroidManifest.xml:66:9-69:77
274            android:name="com.stripe.android.financialconnections.FinancialConnectionsSheetActivity"
274-->[com.stripe:financial-connections:20.52.2] AndroidManifest.xml:67:13-101
275            android:exported="false"
275-->[com.stripe:financial-connections:20.52.2] AndroidManifest.xml:68:13-37
276            android:theme="@style/StripeFinancialConnectionsDefaultTheme" />
276-->[com.stripe:financial-connections:20.52.2] AndroidManifest.xml:69:13-74
277        <activity
277-->[com.stripe:financial-connections:20.52.2] AndroidManifest.xml:70:9-74:58
278            android:name="com.stripe.android.financialconnections.ui.FinancialConnectionsSheetNativeActivity"
278-->[com.stripe:financial-connections:20.52.2] AndroidManifest.xml:71:13-110
279            android:exported="false"
279-->[com.stripe:financial-connections:20.52.2] AndroidManifest.xml:72:13-37
280            android:theme="@style/StripeFinancialConnectionsDefaultTheme"
280-->[com.stripe:financial-connections:20.52.2] AndroidManifest.xml:73:13-74
281            android:windowSoftInputMode="adjustResize" />
281-->[com.stripe:financial-connections:20.52.2] AndroidManifest.xml:74:13-55
282        <activity
282-->[com.stripe:paymentsheet:20.52.2] AndroidManifest.xml:8:9-11:69
283            android:name="com.stripe.android.paymentsheet.PaymentSheetActivity"
283-->[com.stripe:paymentsheet:20.52.2] AndroidManifest.xml:9:13-80
284            android:exported="false"
284-->[com.stripe:paymentsheet:20.52.2] AndroidManifest.xml:10:13-37
285            android:theme="@style/StripePaymentSheetDefaultTheme" />
285-->[com.stripe:paymentsheet:20.52.2] AndroidManifest.xml:11:13-66
286        <activity
286-->[com.stripe:paymentsheet:20.52.2] AndroidManifest.xml:12:9-15:69
287            android:name="com.stripe.android.paymentsheet.PaymentOptionsActivity"
287-->[com.stripe:paymentsheet:20.52.2] AndroidManifest.xml:13:13-82
288            android:exported="false"
288-->[com.stripe:paymentsheet:20.52.2] AndroidManifest.xml:14:13-37
289            android:theme="@style/StripePaymentSheetDefaultTheme" />
289-->[com.stripe:paymentsheet:20.52.2] AndroidManifest.xml:15:13-66
290        <activity
290-->[com.stripe:paymentsheet:20.52.2] AndroidManifest.xml:16:9-19:69
291            android:name="com.stripe.android.customersheet.CustomerSheetActivity"
291-->[com.stripe:paymentsheet:20.52.2] AndroidManifest.xml:17:13-82
292            android:exported="false"
292-->[com.stripe:paymentsheet:20.52.2] AndroidManifest.xml:18:13-37
293            android:theme="@style/StripePaymentSheetDefaultTheme" />
293-->[com.stripe:paymentsheet:20.52.2] AndroidManifest.xml:19:13-66
294        <activity
294-->[com.stripe:paymentsheet:20.52.2] AndroidManifest.xml:20:9-23:69
295            android:name="com.stripe.android.paymentsheet.addresselement.AddressElementActivity"
295-->[com.stripe:paymentsheet:20.52.2] AndroidManifest.xml:21:13-97
296            android:exported="false"
296-->[com.stripe:paymentsheet:20.52.2] AndroidManifest.xml:22:13-37
297            android:theme="@style/StripePaymentSheetDefaultTheme" />
297-->[com.stripe:paymentsheet:20.52.2] AndroidManifest.xml:23:13-66
298        <activity
298-->[com.stripe:paymentsheet:20.52.2] AndroidManifest.xml:24:9-27:69
299            android:name="com.stripe.android.paymentsheet.paymentdatacollection.bacs.BacsMandateConfirmationActivity"
299-->[com.stripe:paymentsheet:20.52.2] AndroidManifest.xml:25:13-118
300            android:exported="false"
300-->[com.stripe:paymentsheet:20.52.2] AndroidManifest.xml:26:13-37
301            android:theme="@style/StripePaymentSheetDefaultTheme" />
301-->[com.stripe:paymentsheet:20.52.2] AndroidManifest.xml:27:13-66
302        <activity
302-->[com.stripe:paymentsheet:20.52.2] AndroidManifest.xml:28:9-31:69
303            android:name="com.stripe.android.paymentsheet.paymentdatacollection.polling.PollingActivity"
303-->[com.stripe:paymentsheet:20.52.2] AndroidManifest.xml:29:13-105
304            android:exported="false"
304-->[com.stripe:paymentsheet:20.52.2] AndroidManifest.xml:30:13-37
305            android:theme="@style/StripePaymentSheetDefaultTheme" />
305-->[com.stripe:paymentsheet:20.52.2] AndroidManifest.xml:31:13-66
306        <activity
306-->[com.stripe:paymentsheet:20.52.2] AndroidManifest.xml:32:9-35:69
307            android:name="com.stripe.android.paymentsheet.ui.SepaMandateActivity"
307-->[com.stripe:paymentsheet:20.52.2] AndroidManifest.xml:33:13-82
308            android:exported="false"
308-->[com.stripe:paymentsheet:20.52.2] AndroidManifest.xml:34:13-37
309            android:theme="@style/StripePaymentSheetDefaultTheme" />
309-->[com.stripe:paymentsheet:20.52.2] AndroidManifest.xml:35:13-66
310        <activity
310-->[com.stripe:paymentsheet:20.52.2] AndroidManifest.xml:36:9-39:68
311            android:name="com.stripe.android.paymentsheet.ExternalPaymentMethodProxyActivity"
311-->[com.stripe:paymentsheet:20.52.2] AndroidManifest.xml:37:13-94
312            android:exported="false"
312-->[com.stripe:paymentsheet:20.52.2] AndroidManifest.xml:38:13-37
313            android:theme="@style/StripePayLauncherDefaultTheme" />